<?xml version="1.0" encoding="UTF-8"?>
<testsuites name="Demo Test Suite" time="225.077" tests="4" failures="1" skips="0" errors="0">
   <testsuite name="Demo Test Suite" tests="4" failures="1" errors="0" time="225.077" skips="0" timestamp="2021-03-13 12:04:09" hostname="apple - 192.168.43.12" id="Test Suites/Demo Test Suite">
      <properties>
[...]
</properties>
      <testcase name="Test Cases/TC_ID_07 Display Pending Referrals card in the Patient Dashboard" time="49.539" classname="Test Cases/TC_ID_07 Display Pending Referrals card in the Patient Dashboard" status="PASSED">
         <system-out><![CDATA[2021-03-13 12:04:37 - [TEST_CASE][PASSED] - Test Cases/TC_ID_07 Display Pending Referrals card in the Patient Dashboard: Test Cases/TC_ID_07 Display Pending Referrals card in the Patient Dashboard

2021-03-13 12:04:38 - [TEST_STEP][PASSED] - patientCallerId = "6082719000": null

2021-03-13 12:04:38 - [TEST_STEP][PASSED] - patientCalledTo = "4698991226": null

2021-03-13 12:04:38 - [TEST_STEP][PASSED] - soucePatientName = "Cadence,Anna": null

2021-03-13 12:04:38 - [TEST_STEP][PASSED] - sourcePatientDOB = "09-09-1983": null

2021-03-13 12:04:38 - [TEST_STEP][PASSED] - subjectPatientName = "Cadence,Anna": null

2021-03-13 12:04:38 - [TEST_STEP][PASSED] - subjectPatientDOB = "09-09-1983": null

2021-03-13 12:04:38 - [TEST_STEP][PASSED] - upComingReferrals = "1": null

2021-03-13 12:04:38 - [TEST_STEP][PASSED] - closedReferrals = "13": null

2021-03-13 12:04:38 - [TEST_STEP][PASSED] - mainPage.Mainpage.searchWith(patientCallerId, patientCalledTo): mainPage.Mainpage.searchWith is PASSED

2021-03-13 12:04:38 - [MESSAGE][PASSED] - Object 'Object Repository/MainPage/patientCallerIdInputBox' is present

2021-03-13 12:04:38 - [MESSAGE][PASSED] - Object 'Object Repository/MainPage/patientCallerIdInputBox' is visible

2021-03-13 12:04:38 - [MESSAGE][PASSED] - Object 'Object Repository/MainPage/patientCallerIdInputBox' is clickable

2021-03-13 12:04:39 - [MESSAGE][PASSED] - Text of object 'Object Repository/MainPage/patientCallerIdInputBox' is cleared

2021-03-13 12:04:39 - [MESSAGE][PASSED] - Keys '6082719000' sent to object: 'Object Repository/MainPage/patientCallerIdInputBox'

2021-03-13 12:04:39 - [MESSAGE][PASSED] - Object 'Object Repository/MainPage/patientCalledToInputBox' is present

2021-03-13 12:04:40 - [MESSAGE][PASSED] - Object 'Object Repository/MainPage/patientCalledToInputBox' is visible

2021-03-13 12:04:40 - [MESSAGE][PASSED] - Object 'Object Repository/MainPage/patientCalledToInputBox' is clickable

2021-03-13 12:04:40 - [MESSAGE][PASSED] - Text of object 'Object Repository/MainPage/patientCalledToInputBox' is cleared

2021-03-13 12:04:40 - [MESSAGE][PASSED] - Keys '4698991226' sent to object: 'Object Repository/MainPage/patientCalledToInputBox'

2021-03-13 12:04:41 - [MESSAGE][PASSED] - Object 'Object Repository/MainPage/submitButton' is present

2021-03-13 12:04:41 - [MESSAGE][PASSED] - Object 'Object Repository/MainPage/submitButton' is visible

2021-03-13 12:04:41 - [MESSAGE][PASSED] - Object 'Object Repository/MainPage/submitButton' is clickable

2021-03-13 12:04:42 - [MESSAGE][PASSED] - Object: 'Object Repository/MainPage/submitButton' is clicked on

2021-03-13 12:04:42 - [MESSAGE][PASSED] - Taking screenshot successfully
[[ATTACHMENT|/Users/apple/Documents/GitHub/SpinSci/passed.png]]

2021-03-13 12:04:46 - [MESSAGE][PASSED] - Web element with id: 'Object Repository/MainPage/noOngoingIterationText' located by 'By.xpath: //h3[text()='Waiting for a new interaction...']' is not present after '10' second(s)

2021-03-13 12:04:46 - [MESSAGE][PASSED] - mainPage.Mainpage.searchWith is PASSED

2021-03-13 12:04:46 - [TEST_STEP][PASSED] - mainPage.Mainpage.verifySource(soucePatientName, sourcePatientDOB): mainPage.Mainpage.verifySource is PASSED

2021-03-13 12:04:47 - [MESSAGE][PASSED] - Taking screenshot successfully
[[ATTACHMENT|/Users/apple/Documents/GitHub/SpinSci/passed.png]]

2021-03-13 12:04:47 - [MESSAGE][PASSED] - Object 'Object Repository/MainPage/Verification/getTableRowsBasedonPatientName' is present

2021-03-13 12:04:48 - [MESSAGE][PASSED] - Object 'Object Repository/MainPage/Verification/getTableRowsBasedonPatientName' is present

2021-03-13 12:04:48 - [MESSAGE][PASSED] - Object 'Object Repository/MainPage/Verification/getTableRowsBasedonPatientName' is visible

2021-03-13 12:04:48 - [MESSAGE][PASSED] - Scroll to object 'Object Repository/MainPage/Verification/getTableRowsBasedonPatientName' successfully

2021-03-13 12:04:48 - [MESSAGE][PASSED] - Object 'Object Repository/MainPage/Verification/getDOBOfPatient' is present

2021-03-13 12:04:49 - [MESSAGE][PASSED] - Object 'Object Repository/MainPage/Verification/getDOBOfPatient' is visible

2021-03-13 12:04:49 - [MESSAGE][PASSED] - Text of object 'Object Repository/MainPage/Verification/getDOBOfPatient' is: '09-09-1983'

2021-03-13 12:04:49 - [MESSAGE][PASSED] - Object 'Object Repository/MainPage/Verification/verifyCheckMarkOfPatient' is present

2021-03-13 12:04:49 - [MESSAGE][PASSED] - Object 'Object Repository/MainPage/Verification/verifyCheckMarkOfPatient' is visible

2021-03-13 12:04:50 - [MESSAGE][PASSED] - Object 'Object Repository/MainPage/Verification/verifyCheckMarkOfPatient' is clickable

2021-03-13 12:04:50 - [MESSAGE][PASSED] - Object: 'Object Repository/MainPage/Verification/verifyCheckMarkOfPatient' is clicked on

2021-03-13 12:04:51 - [MESSAGE][PASSED] - Object 'Object Repository/MainPage/Verification/sourceTabName' is present

2021-03-13 12:04:51 - [MESSAGE][PASSED] - Object 'Object Repository/MainPage/Verification/sourceTabName' is visible

2021-03-13 12:04:51 - [MESSAGE][PASSED] - Text of object 'Object Repository/MainPage/Verification/sourceTabName' is: 'Cadence Anna'

2021-03-13 12:04:52 - [MESSAGE][PASSED] - Taking screenshot successfully
[[ATTACHMENT|/Users/apple/Documents/GitHub/SpinSci/passed.png]]

2021-03-13 12:04:52 - [MESSAGE][PASSED] - Actual text 'Cadence Anna' and expected text 'Cadence Anna' are matched 

2021-03-13 12:04:52 - [MESSAGE][PASSED] - mainPage.Mainpage.verifySource is PASSED

2021-03-13 12:04:52 - [TEST_STEP][PASSED] - mainPage.Mainpage.verifySubject(subjectPatientName, subjectPatientDOB): mainPage.Mainpage.verifySubject is PASSED

2021-03-13 12:04:52 - [MESSAGE][PASSED] - Taking screenshot successfully
[[ATTACHMENT|/Users/apple/Documents/GitHub/SpinSci/passed.png]]

2021-03-13 12:04:52 - [MESSAGE][PASSED] - Object 'Object Repository/MainPage/Verification/getTableRowsBasedonPatientName' is present

2021-03-13 12:04:53 - [MESSAGE][PASSED] - Object 'Object Repository/MainPage/Verification/getTableRowsBasedonPatientName' is present

2021-03-13 12:04:53 - [MESSAGE][PASSED] - Object 'Object Repository/MainPage/Verification/getTableRowsBasedonPatientName' is visible

2021-03-13 12:04:53 - [MESSAGE][PASSED] - Scroll to object 'Object Repository/MainPage/Verification/getTableRowsBasedonPatientName' successfully

2021-03-13 12:04:53 - [MESSAGE][PASSED] - Object 'Object Repository/MainPage/Verification/getDOBOfPatient' is present

2021-03-13 12:04:54 - [MESSAGE][PASSED] - Object 'Object Repository/MainPage/Verification/getDOBOfPatient' is visible

2021-03-13 12:04:54 - [MESSAGE][PASSED] - Text of object 'Object Repository/MainPage/Verification/getDOBOfPatient' is: '09-09-1983'

2021-03-13 12:04:54 - [MESSAGE][PASSED] - Object 'Object Repository/MainPage/Verification/verifyCheckMarkOfPatient' is present

2021-03-13 12:04:54 - [MESSAGE][PASSED] - Object 'Object Repository/MainPage/Verification/verifyCheckMarkOfPatient' is visible

2021-03-13 12:04:55 - [MESSAGE][PASSED] - Object 'Object Repository/MainPage/Verification/verifyCheckMarkOfPatient' is clickable

2021-03-13 12:04:55 - [MESSAGE][PASSED] - Object: 'Object Repository/MainPage/Verification/verifyCheckMarkOfPatient' is clicked on

2021-03-13 12:04:56 - [MESSAGE][PASSED] - Taking screenshot successfully
[[ATTACHMENT|/Users/apple/Documents/GitHub/SpinSci/passed.png]]

2021-03-13 12:04:58 - [MESSAGE][PASSED] - Web element with id: 'Object Repository/MainPage/Verification/subjectTabName' located by 'By.xpath: (//div[@class="p-verification__top-item-note"])[3]' is not present after '10' second(s)

2021-03-13 12:04:58 - [MESSAGE][PASSED] - mainPage.Mainpage.verifySubject is PASSED

2021-03-13 12:04:58 - [TEST_STEP][PASSED] - cards.ReferralsCard.verifyUpcomingReferrals(upComingReferrals): cards.ReferralsCard.verifyUpcomingReferrals is PASSED

2021-03-13 12:04:59 - [MESSAGE][PASSED] - Object 'Object Repository/MainPage/Cards/PendingReferralsCard/upComingReferralsNumber' is present

2021-03-13 12:04:59 - [MESSAGE][PASSED] - Object 'Object Repository/MainPage/Cards/PendingReferralsCard/upComingReferralsNumber' is visible

2021-03-13 12:05:00 - [MESSAGE][PASSED] - Text of object 'Object Repository/MainPage/Cards/PendingReferralsCard/upComingReferralsNumber' is: '1'

2021-03-13 12:05:01 - [MESSAGE][PASSED] - Taking screenshot successfully
[[ATTACHMENT|/Users/apple/Documents/GitHub/SpinSci/passed.png]]

2021-03-13 12:05:01 - [MESSAGE][PASSED] - Actual text '1' and expected text '1' are matched 

2021-03-13 12:05:01 - [MESSAGE][PASSED] - cards.ReferralsCard.verifyUpcomingReferrals is PASSED

2021-03-13 12:05:01 - [TEST_STEP][PASSED] - cards.ReferralsCard.verifyClosedReferrals(closedReferrals): cards.ReferralsCard.verifyClosedReferrals is PASSED

2021-03-13 12:05:01 - [MESSAGE][PASSED] - Object 'Object Repository/MainPage/Cards/PendingReferralsCard/closedReferralsNumber' is present

2021-03-13 12:05:01 - [MESSAGE][PASSED] - Object 'Object Repository/MainPage/Cards/PendingReferralsCard/closedReferralsNumber' is visible

2021-03-13 12:05:02 - [MESSAGE][PASSED] - Text of object 'Object Repository/MainPage/Cards/PendingReferralsCard/closedReferralsNumber' is: '13'

2021-03-13 12:05:02 - [MESSAGE][PASSED] - Taking screenshot successfully
[[ATTACHMENT|/Users/apple/Documents/GitHub/SpinSci/passed.png]]

2021-03-13 12:05:02 - [MESSAGE][PASSED] - Actual text '13' and expected text '13' are matched 

2021-03-13 12:05:02 - [MESSAGE][PASSED] - cards.ReferralsCard.verifyClosedReferrals is PASSED

2021-03-13 12:05:02 - [TEST_STEP][PASSED] - cards.ReferralsCard.clickOnGearIcon(): cards.ReferralsCard.clickOnGearIcon is PASSED

2021-03-13 12:05:02 - [MESSAGE][PASSED] - Object 'Object Repository/MainPage/Cards/PendingReferralsCard/gearIcon' is present

2021-03-13 12:05:03 - [MESSAGE][PASSED] - Object 'Object Repository/MainPage/Cards/PendingReferralsCard/gearIcon' is visible

2021-03-13 12:05:03 - [MESSAGE][PASSED] - Object 'Object Repository/MainPage/Cards/PendingReferralsCard/gearIcon' is clickable

2021-03-13 12:05:03 - [MESSAGE][PASSED] - Object: 'Object Repository/MainPage/Cards/PendingReferralsCard/gearIcon' is clicked on

2021-03-13 12:05:04 - [MESSAGE][PASSED] - Taking screenshot successfully
[[ATTACHMENT|/Users/apple/Documents/GitHub/SpinSci/passed.png]]

2021-03-13 12:05:04 - [MESSAGE][PASSED] - Object 'Object Repository/MainPage/Cards/PendingReferralsCard/moreDetailsOption' is present

2021-03-13 12:05:04 - [MESSAGE][PASSED] - cards.ReferralsCard.clickOnGearIcon is PASSED

2021-03-13 12:05:04 - [TEST_STEP][PASSED] - cards.ReferralsCard.clickOnMoreDetails(): cards.ReferralsCard.clickOnMoreDetails is PASSED

2021-03-13 12:05:05 - [MESSAGE][PASSED] - Object 'Object Repository/MainPage/Cards/PendingReferralsCard/moreDetailsOption' is present

2021-03-13 12:05:06 - [MESSAGE][PASSED] - Object 'Object Repository/MainPage/Cards/PendingReferralsCard/moreDetailsOption' is visible

2021-03-13 12:05:06 - [MESSAGE][PASSED] - Object 'Object Repository/MainPage/Cards/PendingReferralsCard/moreDetailsOption' is clickable

2021-03-13 12:05:06 - [MESSAGE][PASSED] - Object: 'Object Repository/MainPage/Cards/PendingReferralsCard/moreDetailsOption' is clicked on

2021-03-13 12:05:06 - [MESSAGE][PASSED] - cards.ReferralsCard.clickOnMoreDetails is PASSED

2021-03-13 12:05:06 - [TEST_STEP][PASSED] - tabs.ReferralsTab.verifyReferral("1150", "Phoenix, Physician, MD", "Kevin Walker", "Consultation", "Pending"): tabs.ReferralsTab.verifyReferral is PASSED

2021-03-13 12:05:07 - [MESSAGE][PASSED] - Object 'Object Repository/MainPage/Tabs/ReferralsTab/tableCell' is present

2021-03-13 12:05:07 - [MESSAGE][PASSED] - Object 'Object Repository/MainPage/Tabs/ReferralsTab/tableCell' is visible

2021-03-13 12:05:07 - [MESSAGE][PASSED] - Text of object 'Object Repository/MainPage/Tabs/ReferralsTab/tableCell' is: '1150'

2021-03-13 12:05:08 - [MESSAGE][PASSED] - Object 'Object Repository/MainPage/Tabs/ReferralsTab/tableCell' is present

2021-03-13 12:05:08 - [MESSAGE][PASSED] - Object 'Object Repository/MainPage/Tabs/ReferralsTab/tableCell' is visible

2021-03-13 12:05:08 - [MESSAGE][PASSED] - Text of object 'Object Repository/MainPage/Tabs/ReferralsTab/tableCell' is: 'Phoenix, Physician, MD'

2021-03-13 12:05:08 - [MESSAGE][PASSED] - Object 'Object Repository/MainPage/Tabs/ReferralsTab/tableCell' is present

2021-03-13 12:05:09 - [MESSAGE][PASSED] - Object 'Object Repository/MainPage/Tabs/ReferralsTab/tableCell' is visible

2021-03-13 12:05:09 - [MESSAGE][PASSED] - Text of object 'Object Repository/MainPage/Tabs/ReferralsTab/tableCell' is: 'Kevin Walker'

2021-03-13 12:05:09 - [MESSAGE][PASSED] - Object 'Object Repository/MainPage/Tabs/ReferralsTab/tableCell' is present

2021-03-13 12:05:09 - [MESSAGE][PASSED] - Object 'Object Repository/MainPage/Tabs/ReferralsTab/tableCell' is visible

2021-03-13 12:05:10 - [MESSAGE][PASSED] - Text of object 'Object Repository/MainPage/Tabs/ReferralsTab/tableCell' is: 'Consultation'

2021-03-13 12:05:10 - [MESSAGE][PASSED] - Object 'Object Repository/MainPage/Tabs/ReferralsTab/tableCell' is present

2021-03-13 12:05:10 - [MESSAGE][PASSED] - Object 'Object Repository/MainPage/Tabs/ReferralsTab/tableCell' is visible

2021-03-13 12:05:10 - [MESSAGE][PASSED] - Text of object 'Object Repository/MainPage/Tabs/ReferralsTab/tableCell' is: 'Pending'

2021-03-13 12:05:11 - [MESSAGE][PASSED] - Taking screenshot successfully
[[ATTACHMENT|/Users/apple/Documents/GitHub/SpinSci/passed.png]]

2021-03-13 12:05:11 - [MESSAGE][PASSED] - Actual text '1150' and expected text '1150' are matched 

2021-03-13 12:05:11 - [MESSAGE][PASSED] - Taking screenshot successfully
[[ATTACHMENT|/Users/apple/Documents/GitHub/SpinSci/passed.png]]

2021-03-13 12:05:11 - [MESSAGE][PASSED] - Actual text 'Phoenix, Physician, MD' and expected text 'Phoenix, Physician, MD' are matched 

2021-03-13 12:05:12 - [MESSAGE][PASSED] - Taking screenshot successfully
[[ATTACHMENT|/Users/apple/Documents/GitHub/SpinSci/passed.png]]

2021-03-13 12:05:12 - [MESSAGE][PASSED] - Actual text 'Kevin Walker' and expected text 'Kevin Walker' are matched 

2021-03-13 12:05:12 - [MESSAGE][PASSED] - Taking screenshot successfully
[[ATTACHMENT|/Users/apple/Documents/GitHub/SpinSci/passed.png]]

2021-03-13 12:05:12 - [MESSAGE][PASSED] - Actual text 'Consultation' and expected text 'Consultation' are matched 

2021-03-13 12:05:13 - [MESSAGE][PASSED] - Taking screenshot successfully
[[ATTACHMENT|/Users/apple/Documents/GitHub/SpinSci/passed.png]]

2021-03-13 12:05:13 - [MESSAGE][PASSED] - Actual text 'Pending' and expected text 'Pending' are matched 

2021-03-13 12:05:13 - [MESSAGE][PASSED] - tabs.ReferralsTab.verifyReferral is PASSED

2021-03-13 12:05:13 - [TEST_STEP][PASSED] - Start listener action : closeBrowserBeforeTestSuire: Refresh successfully

2021-03-13 12:05:13 - [TEST_STEP][PASSED] - refresh(): Refresh successfully

2021-03-13 12:05:24 - [MESSAGE][PASSED] - Refresh successfully

2021-03-13 12:05:26 - [TEST_STEP][PASSED] - Video: Video recording for test case 'Test Cases/TC_ID_07 Display Pending Referrals card in the Patient Dashboard' .

2021-03-13 12:05:26 - [MESSAGE][INFO] - Video recording for test case 'Test Cases/TC_ID_07 Display Pending Referrals card in the Patient Dashboard' .]]></system-out>
         <system-err><![CDATA[]]></system-err>
      </testcase>
      <testcase name="Test Cases/TC_ID_02 Verify Patient details on the Dashboard based on incoming call" time="54.852" classname="Test Cases/TC_ID_02 Verify Patient details on the Dashboard based on incoming call" status="PASSED">
         <system-out><![CDATA[2021-03-13 12:05:26 - [TEST_CASE][PASSED] - Test Cases/TC_ID_02 Verify Patient details on the Dashboard based on incoming call: Test Cases/TC_ID_02 Verify Patient details on the Dashboard based on incoming call

2021-03-13 12:05:27 - [TEST_STEP][PASSED] - patientCallerId = "6082719000": null

2021-03-13 12:05:27 - [TEST_STEP][PASSED] - patientCalledTo = "4698991226": null

2021-03-13 12:05:27 - [TEST_STEP][PASSED] - soucePatientName = "Cadence,Sam": null

2021-03-13 12:05:27 - [TEST_STEP][PASSED] - sourcePatientDOB = "09-12-1949": null

2021-03-13 12:05:27 - [TEST_STEP][PASSED] - subjectPatientName = "Cadence,Alyssa": null

2021-03-13 12:05:27 - [TEST_STEP][PASSED] - subjectPatientDOB = "03-24-1978": null

2021-03-13 12:05:27 - [TEST_STEP][PASSED] - subjectPatientlocation = "VERONA,Wisconsin,53593": null

2021-03-13 12:05:27 - [TEST_STEP][PASSED] - patientContactNumber = "(608) 271-9000": null

2021-03-13 12:05:27 - [TEST_STEP][PASSED] - subjectPatientCardTitle = "Subject is a Patient (42 year old Female)": null

2021-03-13 12:05:27 - [TEST_STEP][PASSED] - mainPage.Mainpage.searchWith(patientCallerId, patientCalledTo): mainPage.Mainpage.searchWith is PASSED

2021-03-13 12:05:27 - [MESSAGE][PASSED] - Object 'Object Repository/MainPage/patientCallerIdInputBox' is present

2021-03-13 12:05:27 - [MESSAGE][PASSED] - Object 'Object Repository/MainPage/patientCallerIdInputBox' is visible

2021-03-13 12:05:27 - [MESSAGE][PASSED] - Object 'Object Repository/MainPage/patientCallerIdInputBox' is clickable

2021-03-13 12:05:28 - [MESSAGE][PASSED] - Text of object 'Object Repository/MainPage/patientCallerIdInputBox' is cleared

2021-03-13 12:05:28 - [MESSAGE][PASSED] - Keys '6082719000' sent to object: 'Object Repository/MainPage/patientCallerIdInputBox'

2021-03-13 12:05:28 - [MESSAGE][PASSED] - Object 'Object Repository/MainPage/patientCalledToInputBox' is present

2021-03-13 12:05:29 - [MESSAGE][PASSED] - Object 'Object Repository/MainPage/patientCalledToInputBox' is visible

2021-03-13 12:05:29 - [MESSAGE][PASSED] - Object 'Object Repository/MainPage/patientCalledToInputBox' is clickable

2021-03-13 12:05:29 - [MESSAGE][PASSED] - Text of object 'Object Repository/MainPage/patientCalledToInputBox' is cleared

2021-03-13 12:05:29 - [MESSAGE][PASSED] - Keys '4698991226' sent to object: 'Object Repository/MainPage/patientCalledToInputBox'

2021-03-13 12:05:30 - [MESSAGE][PASSED] - Object 'Object Repository/MainPage/submitButton' is present

2021-03-13 12:05:30 - [MESSAGE][PASSED] - Object 'Object Repository/MainPage/submitButton' is visible

2021-03-13 12:05:30 - [MESSAGE][PASSED] - Object 'Object Repository/MainPage/submitButton' is clickable

2021-03-13 12:05:31 - [MESSAGE][PASSED] - Object: 'Object Repository/MainPage/submitButton' is clicked on

2021-03-13 12:05:31 - [MESSAGE][PASSED] - Taking screenshot successfully
[[ATTACHMENT|/Users/apple/Documents/GitHub/SpinSci/passed.png]]

2021-03-13 12:05:33 - [MESSAGE][PASSED] - Web element with id: 'Object Repository/MainPage/noOngoingIterationText' located by 'By.xpath: //h3[text()='Waiting for a new interaction...']' is not present after '10' second(s)

2021-03-13 12:05:33 - [MESSAGE][PASSED] - mainPage.Mainpage.searchWith is PASSED

2021-03-13 12:05:33 - [TEST_STEP][PASSED] - mainPage.Mainpage.verifySource(soucePatientName, sourcePatientDOB): mainPage.Mainpage.verifySource is PASSED

2021-03-13 12:05:34 - [MESSAGE][PASSED] - Taking screenshot successfully
[[ATTACHMENT|/Users/apple/Documents/GitHub/SpinSci/passed.png]]

2021-03-13 12:05:34 - [MESSAGE][PASSED] - Object 'Object Repository/MainPage/Verification/getTableRowsBasedonPatientName' is present

2021-03-13 12:05:34 - [MESSAGE][PASSED] - Object 'Object Repository/MainPage/Verification/getTableRowsBasedonPatientName' is present

2021-03-13 12:05:34 - [MESSAGE][PASSED] - Object 'Object Repository/MainPage/Verification/getTableRowsBasedonPatientName' is visible

2021-03-13 12:05:35 - [MESSAGE][PASSED] - Scroll to object 'Object Repository/MainPage/Verification/getTableRowsBasedonPatientName' successfully

2021-03-13 12:05:35 - [MESSAGE][PASSED] - Object 'Object Repository/MainPage/Verification/getDOBOfPatient' is present

2021-03-13 12:05:35 - [MESSAGE][PASSED] - Object 'Object Repository/MainPage/Verification/getDOBOfPatient' is visible

2021-03-13 12:05:35 - [MESSAGE][PASSED] - Text of object 'Object Repository/MainPage/Verification/getDOBOfPatient' is: '09-12-1949'

2021-03-13 12:05:36 - [MESSAGE][PASSED] - Object 'Object Repository/MainPage/Verification/verifyCheckMarkOfPatient' is present

2021-03-13 12:05:36 - [MESSAGE][PASSED] - Object 'Object Repository/MainPage/Verification/verifyCheckMarkOfPatient' is visible

2021-03-13 12:05:36 - [MESSAGE][PASSED] - Object 'Object Repository/MainPage/Verification/verifyCheckMarkOfPatient' is clickable

2021-03-13 12:05:36 - [MESSAGE][PASSED] - Object: 'Object Repository/MainPage/Verification/verifyCheckMarkOfPatient' is clicked on

2021-03-13 12:05:37 - [MESSAGE][PASSED] - Object 'Object Repository/MainPage/Verification/sourceTabName' is present

2021-03-13 12:05:37 - [MESSAGE][PASSED] - Object 'Object Repository/MainPage/Verification/sourceTabName' is visible

2021-03-13 12:05:38 - [MESSAGE][PASSED] - Text of object 'Object Repository/MainPage/Verification/sourceTabName' is: 'Cadence Sam'

2021-03-13 12:05:38 - [MESSAGE][PASSED] - Taking screenshot successfully
[[ATTACHMENT|/Users/apple/Documents/GitHub/SpinSci/passed.png]]

2021-03-13 12:05:38 - [MESSAGE][PASSED] - Actual text 'Cadence Sam' and expected text 'Cadence Sam' are matched 

2021-03-13 12:05:38 - [MESSAGE][PASSED] - mainPage.Mainpage.verifySource is PASSED

2021-03-13 12:05:38 - [TEST_STEP][PASSED] - mainPage.Mainpage.verifySubject(subjectPatientName, subjectPatientDOB, subjectPatientlocation): mainPage.Mainpage.verifySubject is PASSED

2021-03-13 12:05:39 - [MESSAGE][PASSED] - Taking screenshot successfully
[[ATTACHMENT|/Users/apple/Documents/GitHub/SpinSci/passed.png]]

2021-03-13 12:05:39 - [MESSAGE][PASSED] - Object 'Object Repository/MainPage/Verification/getTableRowsBasedonPatientName' is present

2021-03-13 12:05:39 - [MESSAGE][PASSED] - Object 'Object Repository/MainPage/Verification/getTableRowsBasedonPatientName' is present

2021-03-13 12:05:39 - [MESSAGE][PASSED] - Object 'Object Repository/MainPage/Verification/getTableRowsBasedonPatientName' is visible

2021-03-13 12:05:40 - [MESSAGE][PASSED] - Scroll to object 'Object Repository/MainPage/Verification/getTableRowsBasedonPatientName' successfully

2021-03-13 12:05:40 - [MESSAGE][PASSED] - Object 'Object Repository/MainPage/Verification/getDOBOfPatient' is present

2021-03-13 12:05:40 - [MESSAGE][PASSED] - Object 'Object Repository/MainPage/Verification/getDOBOfPatient' is visible

2021-03-13 12:05:40 - [MESSAGE][PASSED] - Text of object 'Object Repository/MainPage/Verification/getDOBOfPatient' is: '03-24-1978'

2021-03-13 12:05:41 - [MESSAGE][PASSED] - Object 'Object Repository/MainPage/Verification/verifyCheckMarkOfPatient' is present

2021-03-13 12:05:41 - [MESSAGE][PASSED] - Object 'Object Repository/MainPage/Verification/verifyCheckMarkOfPatient' is visible

2021-03-13 12:05:41 - [MESSAGE][PASSED] - Object 'Object Repository/MainPage/Verification/verifyCheckMarkOfPatient' is clickable

2021-03-13 12:05:42 - [MESSAGE][PASSED] - Object: 'Object Repository/MainPage/Verification/verifyCheckMarkOfPatient' is clicked on

2021-03-13 12:05:42 - [MESSAGE][PASSED] - Taking screenshot successfully
[[ATTACHMENT|/Users/apple/Documents/GitHub/SpinSci/passed.png]]

2021-03-13 12:05:44 - [MESSAGE][PASSED] - Web element with id: 'Object Repository/MainPage/Verification/subjectTabName' located by 'By.xpath: (//div[@class="p-verification__top-item-note"])[3]' is not present after '10' second(s)

2021-03-13 12:05:44 - [MESSAGE][PASSED] - mainPage.Mainpage.verifySubject is PASSED

2021-03-13 12:05:44 - [TEST_STEP][PASSED] - mainPage.Patient.verifyPatientDetails(subjectPatientCardTitle, subjectPatientName, "1978-03-24", patientContactNumber, subjectPatientlocation): mainPage.Patient.verifyPatientDetails is PASSED

2021-03-13 12:05:44 - [MESSAGE][PASSED] - Object 'Object Repository/MainPage/Cards/SubjectCard/subjectTitle' is present

2021-03-13 12:05:45 - [MESSAGE][PASSED] - Object 'Object Repository/MainPage/Cards/SubjectCard/subjectTitle' is visible

2021-03-13 12:05:45 - [MESSAGE][PASSED] - Text of object 'Object Repository/MainPage/Cards/SubjectCard/subjectTitle' is: 'Subject is a Patient (42 year old Female)'

2021-03-13 12:05:45 - [MESSAGE][PASSED] - Object 'Object Repository/MainPage/Cards/SubjectCard/subjectAddress' is present

2021-03-13 12:05:45 - [MESSAGE][PASSED] - Object 'Object Repository/MainPage/Cards/SubjectCard/subjectAddress' is visible

2021-03-13 12:05:46 - [MESSAGE][PASSED] - Text of object 'Object Repository/MainPage/Cards/SubjectCard/subjectAddress' is: 'Address: VERONA,Wisconsin,53593'

2021-03-13 12:05:46 - [MESSAGE][PASSED] - Object 'Object Repository/MainPage/Cards/SubjectCard/subjectName' is present

2021-03-13 12:05:46 - [MESSAGE][PASSED] - Object 'Object Repository/MainPage/Cards/SubjectCard/subjectName' is visible

2021-03-13 12:05:46 - [MESSAGE][PASSED] - Text of object 'Object Repository/MainPage/Cards/SubjectCard/subjectName' is: 'Cadence Alyssa'

2021-03-13 12:05:47 - [MESSAGE][PASSED] - Object 'Object Repository/MainPage/Cards/SubjectCard/subjectDOB' is present

2021-03-13 12:05:47 - [MESSAGE][PASSED] - Object 'Object Repository/MainPage/Cards/SubjectCard/subjectDOB' is visible

2021-03-13 12:05:47 - [MESSAGE][PASSED] - Text of object 'Object Repository/MainPage/Cards/SubjectCard/subjectDOB' is: 'DOB: 1978-03-24'

2021-03-13 12:05:47 - [MESSAGE][PASSED] - Object 'Object Repository/MainPage/Cards/SubjectCard/subjectEmpi' is present

2021-03-13 12:05:48 - [MESSAGE][PASSED] - Object 'Object Repository/MainPage/Cards/SubjectCard/subjectEmpi' is visible

2021-03-13 12:05:48 - [MESSAGE][PASSED] - Text of object 'Object Repository/MainPage/Cards/SubjectCard/subjectEmpi' is: 'EMPI: E2650'

2021-03-13 12:05:48 - [MESSAGE][PASSED] - Object 'Object Repository/MainPage/Cards/SubjectCard/subjectContactNumber' is present

2021-03-13 12:05:48 - [MESSAGE][PASSED] - Object 'Object Repository/MainPage/Cards/SubjectCard/subjectContactNumber' is visible

2021-03-13 12:05:49 - [MESSAGE][PASSED] - Text of object 'Object Repository/MainPage/Cards/SubjectCard/subjectContactNumber' is: 'Contact Number:  (608) 271-9000'

2021-03-13 12:05:49 - [MESSAGE][PASSED] - Taking screenshot successfully
[[ATTACHMENT|/Users/apple/Documents/GitHub/SpinSci/passed.png]]

2021-03-13 12:05:49 - [MESSAGE][PASSED] - Actual text 'Subject is a Patient (42 year old Female)' and expected text 'Subject is a Patient (42 year old Female)' are matched 

2021-03-13 12:05:50 - [MESSAGE][PASSED] - Taking screenshot successfully
[[ATTACHMENT|/Users/apple/Documents/GitHub/SpinSci/passed.png]]

2021-03-13 12:05:50 - [MESSAGE][PASSED] - Actual text 'VERONA,Wisconsin,53593' and expected text 'VERONA,Wisconsin,53593' are matched 

2021-03-13 12:05:50 - [MESSAGE][PASSED] - Taking screenshot successfully
[[ATTACHMENT|/Users/apple/Documents/GitHub/SpinSci/passed.png]]

2021-03-13 12:05:50 - [MESSAGE][PASSED] - Actual text 'Cadence Alyssa' and expected text 'Cadence Alyssa' are matched 

2021-03-13 12:05:51 - [MESSAGE][PASSED] - Taking screenshot successfully
[[ATTACHMENT|/Users/apple/Documents/GitHub/SpinSci/passed.png]]

2021-03-13 12:05:51 - [MESSAGE][PASSED] - Actual text '1978-03-24' and expected text '1978-03-24' are matched 

2021-03-13 12:05:51 - [MESSAGE][PASSED] - Taking screenshot successfully
[[ATTACHMENT|/Users/apple/Documents/GitHub/SpinSci/passed.png]]

2021-03-13 12:05:51 - [MESSAGE][PASSED] - Actual text '(608) 271-9000' and expected text '(608) 271-9000' are matched 

2021-03-13 12:05:52 - [MESSAGE][PASSED] - Taking screenshot successfully
[[ATTACHMENT|/Users/apple/Documents/GitHub/SpinSci/passed.png]]

2021-03-13 12:05:52 - [MESSAGE][PASSED] - Object 'Object Repository/MainPage/Cards/AppoinmentsCard/cardTitle' is present

2021-03-13 12:05:53 - [MESSAGE][PASSED] - Taking screenshot successfully
[[ATTACHMENT|/Users/apple/Documents/GitHub/SpinSci/passed.png]]

2021-03-13 12:05:53 - [MESSAGE][PASSED] - Object 'Object Repository/MainPage/Cards/BillingInformationCard/cardTitle' is present

2021-03-13 12:05:53 - [MESSAGE][PASSED] - Taking screenshot successfully
[[ATTACHMENT|/Users/apple/Documents/GitHub/SpinSci/passed.png]]

2021-03-13 12:05:54 - [MESSAGE][PASSED] - Object 'Object Repository/MainPage/Cards/EmergencyInfoCard/cardTitle' is present

2021-03-13 12:05:54 - [MESSAGE][PASSED] - Taking screenshot successfully
[[ATTACHMENT|/Users/apple/Documents/GitHub/SpinSci/passed.png]]

2021-03-13 12:05:54 - [MESSAGE][PASSED] - Object 'Object Repository/MainPage/Cards/EmploymentInfoCard/cardTitle' is present

2021-03-13 12:05:55 - [MESSAGE][PASSED] - Taking screenshot successfully
[[ATTACHMENT|/Users/apple/Documents/GitHub/SpinSci/passed.png]]

2021-03-13 12:05:55 - [MESSAGE][PASSED] - Object 'Object Repository/MainPage/Cards/InsuranceDetails/cardTitle' is present

2021-03-13 12:05:56 - [MESSAGE][PASSED] - Taking screenshot successfully
[[ATTACHMENT|/Users/apple/Documents/GitHub/SpinSci/passed.png]]

2021-03-13 12:05:56 - [MESSAGE][PASSED] - Object 'Object Repository/MainPage/Cards/PatientCareTeamCard/cardTitle' is present

2021-03-13 12:05:57 - [MESSAGE][PASSED] - Taking screenshot successfully
[[ATTACHMENT|/Users/apple/Documents/GitHub/SpinSci/passed.png]]

2021-03-13 12:05:57 - [MESSAGE][PASSED] - Object 'Object Repository/MainPage/Cards/PendingReferralsCard/cardTitle' is present

2021-03-13 12:05:58 - [MESSAGE][PASSED] - Taking screenshot successfully
[[ATTACHMENT|/Users/apple/Documents/GitHub/SpinSci/passed.png]]

2021-03-13 12:05:58 - [MESSAGE][PASSED] - Object 'Object Repository/MainPage/Cards/Pharmacies/cardTitle' is present

2021-03-13 12:05:59 - [MESSAGE][PASSED] - Taking screenshot successfully
[[ATTACHMENT|/Users/apple/Documents/GitHub/SpinSci/passed.png]]

2021-03-13 12:05:59 - [MESSAGE][PASSED] - Object 'Object Repository/MainPage/Navigations/appoinmentsTab' is present

2021-03-13 12:06:00 - [MESSAGE][PASSED] - Taking screenshot successfully
[[ATTACHMENT|/Users/apple/Documents/GitHub/SpinSci/passed.png]]

2021-03-13 12:06:00 - [MESSAGE][PASSED] - Object 'Object Repository/MainPage/Navigations/billingTab' is present

2021-03-13 12:06:00 - [MESSAGE][PASSED] - Taking screenshot successfully
[[ATTACHMENT|/Users/apple/Documents/GitHub/SpinSci/passed.png]]

2021-03-13 12:06:01 - [MESSAGE][PASSED] - Object 'Object Repository/MainPage/Navigations/dashboardTab' is present

2021-03-13 12:06:01 - [MESSAGE][PASSED] - Taking screenshot successfully
[[ATTACHMENT|/Users/apple/Documents/GitHub/SpinSci/passed.png]]

2021-03-13 12:06:02 - [MESSAGE][PASSED] - Object 'Object Repository/MainPage/Navigations/medicationTab' is present

2021-03-13 12:06:02 - [MESSAGE][PASSED] - Taking screenshot successfully
[[ATTACHMENT|/Users/apple/Documents/GitHub/SpinSci/passed.png]]

2021-03-13 12:06:02 - [MESSAGE][PASSED] - Object 'Object Repository/MainPage/Navigations/ReferralsTab' is present

2021-03-13 12:06:03 - [MESSAGE][PASSED] - Taking screenshot successfully
[[ATTACHMENT|/Users/apple/Documents/GitHub/SpinSci/passed.png]]

2021-03-13 12:06:03 - [MESSAGE][PASSED] - Object 'Object Repository/MainPage/Navigations/traigeTab' is present

2021-03-13 12:06:03 - [MESSAGE][PASSED] - mainPage.Patient.verifyPatientDetails is PASSED

2021-03-13 12:06:03 - [TEST_STEP][PASSED] - Start listener action : closeBrowserBeforeTestSuire: Refresh successfully

2021-03-13 12:06:03 - [TEST_STEP][PASSED] - refresh(): Refresh successfully

2021-03-13 12:06:19 - [MESSAGE][PASSED] - Refresh successfully

2021-03-13 12:06:21 - [TEST_STEP][PASSED] - Video: Video recording for test case 'Test Cases/TC_ID_02 Verify Patient details on the Dashboard based on incoming call' .

2021-03-13 12:06:21 - [MESSAGE][INFO] - Video recording for test case 'Test Cases/TC_ID_02 Verify Patient details on the Dashboard based on incoming call' .]]></system-out>
         <system-err><![CDATA[]]></system-err>
      </testcase>
      <testcase name="Test Cases/TC_ID_11 Display Patient Care Team card (PCP) details in the Patient Dashboard" time="42.645" classname="Test Cases/TC_ID_11 Display Patient Care Team card (PCP) details in the Patient Dashboard" status="PASSED">
         <system-out><![CDATA[2021-03-13 12:06:21 - [TEST_CASE][PASSED] - Test Cases/TC_ID_11 Display Patient Care Team card (PCP) details in the Patient Dashboard: Test Cases/TC_ID_11 Display Patient Care Team card (PCP) details in the Patient Dashboard

2021-03-13 12:06:21 - [TEST_STEP][PASSED] - patientCallerId = "6082719000": null

2021-03-13 12:06:21 - [TEST_STEP][PASSED] - patientCalledTo = "4698991226": null

2021-03-13 12:06:21 - [TEST_STEP][PASSED] - soucePatientName = "Cadence,Anna": null

2021-03-13 12:06:21 - [TEST_STEP][PASSED] - sourcePatientDOB = "09-09-1983": null

2021-03-13 12:06:21 - [TEST_STEP][PASSED] - subjectPatientName = "Cadence,Anna": null

2021-03-13 12:06:21 - [TEST_STEP][PASSED] - subjectPatientDOB = "09-09-1983": null

2021-03-13 12:06:21 - [TEST_STEP][PASSED] - pcpName = "Family Medicine, Physician, MD": null

2021-03-13 12:06:21 - [TEST_STEP][PASSED] - pcpCenter = "": null

2021-03-13 12:06:21 - [TEST_STEP][PASSED] - pcpDept = "Cardio": null

2021-03-13 12:06:21 - [TEST_STEP][PASSED] - mainPage.Mainpage.searchWith(patientCallerId, patientCalledTo): mainPage.Mainpage.searchWith is PASSED

2021-03-13 12:06:22 - [MESSAGE][PASSED] - Object 'Object Repository/MainPage/patientCallerIdInputBox' is present

2021-03-13 12:06:22 - [MESSAGE][PASSED] - Object 'Object Repository/MainPage/patientCallerIdInputBox' is visible

2021-03-13 12:06:22 - [MESSAGE][PASSED] - Object 'Object Repository/MainPage/patientCallerIdInputBox' is clickable

2021-03-13 12:06:22 - [MESSAGE][PASSED] - Text of object 'Object Repository/MainPage/patientCallerIdInputBox' is cleared

2021-03-13 12:06:23 - [MESSAGE][PASSED] - Keys '6082719000' sent to object: 'Object Repository/MainPage/patientCallerIdInputBox'

2021-03-13 12:06:23 - [MESSAGE][PASSED] - Object 'Object Repository/MainPage/patientCalledToInputBox' is present

2021-03-13 12:06:23 - [MESSAGE][PASSED] - Object 'Object Repository/MainPage/patientCalledToInputBox' is visible

2021-03-13 12:06:24 - [MESSAGE][PASSED] - Object 'Object Repository/MainPage/patientCalledToInputBox' is clickable

2021-03-13 12:06:24 - [MESSAGE][PASSED] - Text of object 'Object Repository/MainPage/patientCalledToInputBox' is cleared

2021-03-13 12:06:24 - [MESSAGE][PASSED] - Keys '4698991226' sent to object: 'Object Repository/MainPage/patientCalledToInputBox'

2021-03-13 12:06:24 - [MESSAGE][PASSED] - Object 'Object Repository/MainPage/submitButton' is present

2021-03-13 12:06:25 - [MESSAGE][PASSED] - Object 'Object Repository/MainPage/submitButton' is visible

2021-03-13 12:06:25 - [MESSAGE][PASSED] - Object 'Object Repository/MainPage/submitButton' is clickable

2021-03-13 12:06:25 - [MESSAGE][PASSED] - Object: 'Object Repository/MainPage/submitButton' is clicked on

2021-03-13 12:06:26 - [MESSAGE][PASSED] - Taking screenshot successfully
[[ATTACHMENT|/Users/apple/Documents/GitHub/SpinSci/passed.png]]

2021-03-13 12:06:28 - [MESSAGE][PASSED] - Web element with id: 'Object Repository/MainPage/noOngoingIterationText' located by 'By.xpath: //h3[text()='Waiting for a new interaction...']' is not present after '10' second(s)

2021-03-13 12:06:28 - [MESSAGE][PASSED] - mainPage.Mainpage.searchWith is PASSED

2021-03-13 12:06:28 - [TEST_STEP][PASSED] - mainPage.Mainpage.verifySource(soucePatientName, sourcePatientDOB): mainPage.Mainpage.verifySource is PASSED

2021-03-13 12:06:28 - [MESSAGE][PASSED] - Taking screenshot successfully
[[ATTACHMENT|/Users/apple/Documents/GitHub/SpinSci/passed.png]]

2021-03-13 12:06:28 - [MESSAGE][PASSED] - Object 'Object Repository/MainPage/Verification/getTableRowsBasedonPatientName' is present

2021-03-13 12:06:29 - [MESSAGE][PASSED] - Object 'Object Repository/MainPage/Verification/getTableRowsBasedonPatientName' is present

2021-03-13 12:06:29 - [MESSAGE][PASSED] - Object 'Object Repository/MainPage/Verification/getTableRowsBasedonPatientName' is visible

2021-03-13 12:06:29 - [MESSAGE][PASSED] - Scroll to object 'Object Repository/MainPage/Verification/getTableRowsBasedonPatientName' successfully

2021-03-13 12:06:29 - [MESSAGE][PASSED] - Object 'Object Repository/MainPage/Verification/getDOBOfPatient' is present

2021-03-13 12:06:29 - [MESSAGE][PASSED] - Object 'Object Repository/MainPage/Verification/getDOBOfPatient' is visible

2021-03-13 12:06:30 - [MESSAGE][PASSED] - Text of object 'Object Repository/MainPage/Verification/getDOBOfPatient' is: '09-09-1983'

2021-03-13 12:06:30 - [MESSAGE][PASSED] - Object 'Object Repository/MainPage/Verification/verifyCheckMarkOfPatient' is present

2021-03-13 12:06:30 - [MESSAGE][PASSED] - Object 'Object Repository/MainPage/Verification/verifyCheckMarkOfPatient' is visible

2021-03-13 12:06:30 - [MESSAGE][PASSED] - Object 'Object Repository/MainPage/Verification/verifyCheckMarkOfPatient' is clickable

2021-03-13 12:06:31 - [MESSAGE][PASSED] - Object: 'Object Repository/MainPage/Verification/verifyCheckMarkOfPatient' is clicked on

2021-03-13 12:06:31 - [MESSAGE][PASSED] - Object 'Object Repository/MainPage/Verification/sourceTabName' is present

2021-03-13 12:06:32 - [MESSAGE][PASSED] - Object 'Object Repository/MainPage/Verification/sourceTabName' is visible

2021-03-13 12:06:32 - [MESSAGE][PASSED] - Text of object 'Object Repository/MainPage/Verification/sourceTabName' is: 'Cadence Anna'

2021-03-13 12:06:32 - [MESSAGE][PASSED] - Taking screenshot successfully
[[ATTACHMENT|/Users/apple/Documents/GitHub/SpinSci/passed.png]]

2021-03-13 12:06:32 - [MESSAGE][PASSED] - Actual text 'Cadence Anna' and expected text 'Cadence Anna' are matched 

2021-03-13 12:06:32 - [MESSAGE][PASSED] - mainPage.Mainpage.verifySource is PASSED

2021-03-13 12:06:32 - [TEST_STEP][PASSED] - mainPage.Mainpage.verifySubject(subjectPatientName, subjectPatientDOB): mainPage.Mainpage.verifySubject is PASSED

2021-03-13 12:06:33 - [MESSAGE][PASSED] - Taking screenshot successfully
[[ATTACHMENT|/Users/apple/Documents/GitHub/SpinSci/passed.png]]

2021-03-13 12:06:33 - [MESSAGE][PASSED] - Object 'Object Repository/MainPage/Verification/getTableRowsBasedonPatientName' is present

2021-03-13 12:06:34 - [MESSAGE][PASSED] - Object 'Object Repository/MainPage/Verification/getTableRowsBasedonPatientName' is present

2021-03-13 12:06:34 - [MESSAGE][PASSED] - Object 'Object Repository/MainPage/Verification/getTableRowsBasedonPatientName' is visible

2021-03-13 12:06:34 - [MESSAGE][PASSED] - Scroll to object 'Object Repository/MainPage/Verification/getTableRowsBasedonPatientName' successfully

2021-03-13 12:06:34 - [MESSAGE][PASSED] - Object 'Object Repository/MainPage/Verification/getDOBOfPatient' is present

2021-03-13 12:06:34 - [MESSAGE][PASSED] - Object 'Object Repository/MainPage/Verification/getDOBOfPatient' is visible

2021-03-13 12:06:35 - [MESSAGE][PASSED] - Text of object 'Object Repository/MainPage/Verification/getDOBOfPatient' is: '09-09-1983'

2021-03-13 12:06:35 - [MESSAGE][PASSED] - Object 'Object Repository/MainPage/Verification/verifyCheckMarkOfPatient' is present

2021-03-13 12:06:35 - [MESSAGE][PASSED] - Object 'Object Repository/MainPage/Verification/verifyCheckMarkOfPatient' is visible

2021-03-13 12:06:35 - [MESSAGE][PASSED] - Object 'Object Repository/MainPage/Verification/verifyCheckMarkOfPatient' is clickable

2021-03-13 12:06:36 - [MESSAGE][PASSED] - Object: 'Object Repository/MainPage/Verification/verifyCheckMarkOfPatient' is clicked on

2021-03-13 12:06:37 - [MESSAGE][PASSED] - Taking screenshot successfully
[[ATTACHMENT|/Users/apple/Documents/GitHub/SpinSci/passed.png]]

2021-03-13 12:06:37 - [MESSAGE][PASSED] - Web element with id: 'Object Repository/MainPage/Verification/subjectTabName' located by 'By.xpath: (//div[@class="p-verification__top-item-note"])[3]' is not present after '10' second(s)

2021-03-13 12:06:37 - [MESSAGE][PASSED] - mainPage.Mainpage.verifySubject is PASSED

2021-03-13 12:06:37 - [TEST_STEP][PASSED] - cards.PatientCareTeamCard.verifyPcpDetails(pcpName, pcpCenter, pcpDept): cards.PatientCareTeamCard.verifyPcpDetails is PASSED

2021-03-13 12:06:38 - [MESSAGE][PASSED] - Object 'Object Repository/MainPage/Cards/PatientCareTeamCard/pcpName' is present

2021-03-13 12:06:39 - [MESSAGE][PASSED] - Object 'Object Repository/MainPage/Cards/PatientCareTeamCard/pcpName' is visible

2021-03-13 12:06:39 - [MESSAGE][PASSED] - Text of object 'Object Repository/MainPage/Cards/PatientCareTeamCard/pcpName' is: 'PCP Name: Family Medicine, Physician, MD'

2021-03-13 12:06:39 - [MESSAGE][PASSED] - Object 'Object Repository/MainPage/Cards/PatientCareTeamCard/pcpCenter' is present

2021-03-13 12:06:40 - [MESSAGE][PASSED] - Object 'Object Repository/MainPage/Cards/PatientCareTeamCard/pcpCenter' is visible

2021-03-13 12:06:40 - [MESSAGE][PASSED] - Text of object 'Object Repository/MainPage/Cards/PatientCareTeamCard/pcpCenter' is: 'PCP Center: '

2021-03-13 12:06:40 - [MESSAGE][PASSED] - Object 'Object Repository/MainPage/Cards/PatientCareTeamCard/pcpDep' is present

2021-03-13 12:06:40 - [MESSAGE][PASSED] - Object 'Object Repository/MainPage/Cards/PatientCareTeamCard/pcpDep' is visible

2021-03-13 12:06:41 - [MESSAGE][PASSED] - Text of object 'Object Repository/MainPage/Cards/PatientCareTeamCard/pcpDep' is: 'PCP Dept: Cardio'

2021-03-13 12:06:41 - [MESSAGE][PASSED] - Taking screenshot successfully
[[ATTACHMENT|/Users/apple/Documents/GitHub/SpinSci/passed.png]]

2021-03-13 12:06:41 - [MESSAGE][PASSED] - Actual text 'Family Medicine, Physician, MD' and expected text 'Family Medicine, Physician, MD' are matched 

2021-03-13 12:06:42 - [MESSAGE][PASSED] - Taking screenshot successfully
[[ATTACHMENT|/Users/apple/Documents/GitHub/SpinSci/passed.png]]

2021-03-13 12:06:42 - [MESSAGE][PASSED] - Actual text 'Cardio' and expected text 'Cardio' are matched 

2021-03-13 12:06:42 - [MESSAGE][PASSED] - cards.PatientCareTeamCard.verifyPcpDetails is PASSED

2021-03-13 12:06:42 - [TEST_STEP][PASSED] - Start listener action : closeBrowserBeforeTestSuire: Refresh successfully

2021-03-13 12:06:42 - [TEST_STEP][PASSED] - refresh(): Refresh successfully

2021-03-13 12:07:02 - [MESSAGE][PASSED] - Refresh successfully

2021-03-13 12:07:04 - [TEST_STEP][PASSED] - Video: Video recording for test case 'Test Cases/TC_ID_11 Display Patient Care Team card (PCP) details in the Patient Dashboard' .

2021-03-13 12:07:04 - [MESSAGE][INFO] - Video recording for test case 'Test Cases/TC_ID_11 Display Patient Care Team card (PCP) details in the Patient Dashboard' .]]></system-out>
         <system-err><![CDATA[]]></system-err>
      </testcase>
      <testcase name="Test Cases/TC_ID_05 Display upcoming appointments card in the Patient Dashboard" time="49.68" classname="Test Cases/TC_ID_05 Display upcoming appointments card in the Patient Dashboard" status="FAILED">
         <failure type="FAILED" message="Test Cases/TC_ID_05 Display upcoming appointments card in the Patient Dashboard FAILED.
Reason:
com.kms.katalon.core.exception.StepFailedException: appointment Time value does not matched
	at com.kms.katalon.core.util.KeywordUtil.markFailedAndStop(KeywordUtil.java:28)
	at com.kms.katalon.core.util.KeywordUtil$markFailedAndStop.call(Unknown Source)
	at webAutomation.Verifications.verifyTextMatch(Verifications.groovy:56)
	at webAutomation.Verifications$verifyTextMatch$1.call(Unknown Source)
	at tabs.AppoinmentsTab.verifyAppoinment(AppoinmentsTab.groovy:38)
	at tabs.AppoinmentsTab.invokeMethod(AppoinmentsTab.groovy)
	at com.kms.katalon.core.main.CustomKeywordDelegatingMetaClass.invokeStaticMethod(CustomKeywordDelegatingMetaClass.java:50)
	at TC_ID_05 Display upcoming appointments card in the Patient Dashboard.run(TC_ID_05 Display upcoming appointments card in the Patient Dashboard:40)
	at com.kms.katalon.core.main.ScriptEngine.run(ScriptEngine.java:194)
	at com.kms.katalon.core.main.ScriptEngine.runScriptAsRawText(ScriptEngine.java:119)
	at com.kms.katalon.core.main.TestCaseExecutor.runScript(TestCaseExecutor.java:393)
	at com.kms.katalon.core.main.TestCaseExecutor.doExecute(TestCaseExecutor.java:384)
	at com.kms.katalon.core.main.TestCaseExecutor.processExecutionPhase(TestCaseExecutor.java:363)
	at com.kms.katalon.core.main.TestCaseExecutor.accessMainPhase(TestCaseExecutor.java:355)
	at com.kms.katalon.core.main.TestCaseExecutor.execute(TestCaseExecutor.java:251)
	at com.kms.katalon.core.main.TestSuiteExecutor.accessTestCaseMainPhase(TestSuiteExecutor.java:203)
	at com.kms.katalon.core.main.TestSuiteExecutor.accessTestSuiteMainPhase(TestSuiteExecutor.java:152)
	at com.kms.katalon.core.main.TestSuiteExecutor.execute(TestSuiteExecutor.java:95)
	at com.kms.katalon.core.main.TestCaseMain.startTestSuite(TestCaseMain.java:157)
	at com.kms.katalon.core.main.TestCaseMain$startTestSuite$0.call(Unknown Source)
	at TempTestSuite1615617229424.run(TempTestSuite1615617229424.groovy:39)
"/>
         <system-out><![CDATA[2021-03-13 12:07:04 - [TEST_CASE][FAILED] - Test Cases/TC_ID_05 Display upcoming appointments card in the Patient Dashboard: Test Cases/TC_ID_05 Display upcoming appointments card in the Patient Dashboard FAILED.
Reason:
com.kms.katalon.core.exception.StepFailedException: appointment Time value does not matched
	at com.kms.katalon.core.util.KeywordUtil.markFailedAndStop(KeywordUtil.java:28)
	at com.kms.katalon.core.util.KeywordUtil$markFailedAndStop.call(Unknown Source)
	at webAutomation.Verifications.verifyTextMatch(Verifications.groovy:56)
	at webAutomation.Verifications$verifyTextMatch$1.call(Unknown Source)
	at tabs.AppoinmentsTab.verifyAppoinment(AppoinmentsTab.groovy:38)
	at tabs.AppoinmentsTab.invokeMethod(AppoinmentsTab.groovy)
	at com.kms.katalon.core.main.CustomKeywordDelegatingMetaClass.invokeStaticMethod(CustomKeywordDelegatingMetaClass.java:50)
	at TC_ID_05 Display upcoming appointments card in the Patient Dashboard.run(TC_ID_05 Display upcoming appointments card in the Patient Dashboard:40)
	at com.kms.katalon.core.main.ScriptEngine.run(ScriptEngine.java:194)
	at com.kms.katalon.core.main.ScriptEngine.runScriptAsRawText(ScriptEngine.java:119)
	at com.kms.katalon.core.main.TestCaseExecutor.runScript(TestCaseExecutor.java:393)
	at com.kms.katalon.core.main.TestCaseExecutor.doExecute(TestCaseExecutor.java:384)
	at com.kms.katalon.core.main.TestCaseExecutor.processExecutionPhase(TestCaseExecutor.java:363)
	at com.kms.katalon.core.main.TestCaseExecutor.accessMainPhase(TestCaseExecutor.java:355)
	at com.kms.katalon.core.main.TestCaseExecutor.execute(TestCaseExecutor.java:251)
	at com.kms.katalon.core.main.TestSuiteExecutor.accessTestCaseMainPhase(TestSuiteExecutor.java:203)
	at com.kms.katalon.core.main.TestSuiteExecutor.accessTestSuiteMainPhase(TestSuiteExecutor.java:152)
	at com.kms.katalon.core.main.TestSuiteExecutor.execute(TestSuiteExecutor.java:95)
	at com.kms.katalon.core.main.TestCaseMain.startTestSuite(TestCaseMain.java:157)
	at com.kms.katalon.core.main.TestCaseMain$startTestSuite$0.call(Unknown Source)
	at TempTestSuite1615617229424.run(TempTestSuite1615617229424.groovy:39)


2021-03-13 12:07:04 - [TEST_STEP][PASSED] - patientCallerId = "2158821126": null

2021-03-13 12:07:04 - [TEST_STEP][PASSED] - patientCalledTo = "4698991226": null

2021-03-13 12:07:04 - [TEST_STEP][PASSED] - soucePatientName = "Cadence,Anna": null

2021-03-13 12:07:04 - [TEST_STEP][PASSED] - sourcePatientDOB = "09-09-1983": null

2021-03-13 12:07:04 - [TEST_STEP][PASSED] - subjectPatientName = "Cadence,Anna": null

2021-03-13 12:07:04 - [TEST_STEP][PASSED] - subjectPatientDOB = "09-09-1983": null

2021-03-13 12:07:04 - [TEST_STEP][PASSED] - mainPage.Mainpage.searchWith(patientCallerId, patientCalledTo): mainPage.Mainpage.searchWith is PASSED

2021-03-13 12:07:04 - [MESSAGE][PASSED] - Object 'Object Repository/MainPage/patientCallerIdInputBox' is present

2021-03-13 12:07:05 - [MESSAGE][PASSED] - Object 'Object Repository/MainPage/patientCallerIdInputBox' is visible

2021-03-13 12:07:05 - [MESSAGE][PASSED] - Object 'Object Repository/MainPage/patientCallerIdInputBox' is clickable

2021-03-13 12:07:05 - [MESSAGE][PASSED] - Text of object 'Object Repository/MainPage/patientCallerIdInputBox' is cleared

2021-03-13 12:07:05 - [MESSAGE][PASSED] - Keys '2158821126' sent to object: 'Object Repository/MainPage/patientCallerIdInputBox'

2021-03-13 12:07:06 - [MESSAGE][PASSED] - Object 'Object Repository/MainPage/patientCalledToInputBox' is present

2021-03-13 12:07:06 - [MESSAGE][PASSED] - Object 'Object Repository/MainPage/patientCalledToInputBox' is visible

2021-03-13 12:07:06 - [MESSAGE][PASSED] - Object 'Object Repository/MainPage/patientCalledToInputBox' is clickable

2021-03-13 12:07:06 - [MESSAGE][PASSED] - Text of object 'Object Repository/MainPage/patientCalledToInputBox' is cleared

2021-03-13 12:07:07 - [MESSAGE][PASSED] - Keys '4698991226' sent to object: 'Object Repository/MainPage/patientCalledToInputBox'

2021-03-13 12:07:07 - [MESSAGE][PASSED] - Object 'Object Repository/MainPage/submitButton' is present

2021-03-13 12:07:07 - [MESSAGE][PASSED] - Object 'Object Repository/MainPage/submitButton' is visible

2021-03-13 12:07:07 - [MESSAGE][PASSED] - Object 'Object Repository/MainPage/submitButton' is clickable

2021-03-13 12:07:08 - [MESSAGE][PASSED] - Object: 'Object Repository/MainPage/submitButton' is clicked on

2021-03-13 12:07:09 - [MESSAGE][PASSED] - Taking screenshot successfully
[[ATTACHMENT|/Users/apple/Documents/GitHub/SpinSci/passed.png]]

2021-03-13 12:07:10 - [MESSAGE][PASSED] - Web element with id: 'Object Repository/MainPage/noOngoingIterationText' located by 'By.xpath: //h3[text()='Waiting for a new interaction...']' is not present after '10' second(s)

2021-03-13 12:07:10 - [MESSAGE][PASSED] - mainPage.Mainpage.searchWith is PASSED

2021-03-13 12:07:10 - [TEST_STEP][PASSED] - mainPage.Mainpage.verifySource(soucePatientName, sourcePatientDOB): mainPage.Mainpage.verifySource is PASSED

2021-03-13 12:07:11 - [MESSAGE][PASSED] - Taking screenshot successfully
[[ATTACHMENT|/Users/apple/Documents/GitHub/SpinSci/passed.png]]

2021-03-13 12:07:11 - [MESSAGE][PASSED] - Object 'Object Repository/MainPage/Verification/getTableRowsBasedonPatientName' is present

2021-03-13 12:07:11 - [MESSAGE][PASSED] - Object 'Object Repository/MainPage/Verification/getTableRowsBasedonPatientName' is present

2021-03-13 12:07:11 - [MESSAGE][PASSED] - Object 'Object Repository/MainPage/Verification/getTableRowsBasedonPatientName' is visible

2021-03-13 12:07:12 - [MESSAGE][PASSED] - Scroll to object 'Object Repository/MainPage/Verification/getTableRowsBasedonPatientName' successfully

2021-03-13 12:07:12 - [MESSAGE][PASSED] - Object 'Object Repository/MainPage/Verification/getDOBOfPatient' is present

2021-03-13 12:07:12 - [MESSAGE][PASSED] - Object 'Object Repository/MainPage/Verification/getDOBOfPatient' is visible

2021-03-13 12:07:12 - [MESSAGE][PASSED] - Text of object 'Object Repository/MainPage/Verification/getDOBOfPatient' is: '09-09-1983'

2021-03-13 12:07:13 - [MESSAGE][PASSED] - Object 'Object Repository/MainPage/Verification/verifyCheckMarkOfPatient' is present

2021-03-13 12:07:13 - [MESSAGE][PASSED] - Object 'Object Repository/MainPage/Verification/verifyCheckMarkOfPatient' is visible

2021-03-13 12:07:13 - [MESSAGE][PASSED] - Object 'Object Repository/MainPage/Verification/verifyCheckMarkOfPatient' is clickable

2021-03-13 12:07:14 - [MESSAGE][PASSED] - Object: 'Object Repository/MainPage/Verification/verifyCheckMarkOfPatient' is clicked on

2021-03-13 12:07:14 - [MESSAGE][PASSED] - Object 'Object Repository/MainPage/Verification/sourceTabName' is present

2021-03-13 12:07:14 - [MESSAGE][PASSED] - Object 'Object Repository/MainPage/Verification/sourceTabName' is visible

2021-03-13 12:07:15 - [MESSAGE][PASSED] - Text of object 'Object Repository/MainPage/Verification/sourceTabName' is: 'Cadence Anna'

2021-03-13 12:07:15 - [MESSAGE][PASSED] - Taking screenshot successfully
[[ATTACHMENT|/Users/apple/Documents/GitHub/SpinSci/passed.png]]

2021-03-13 12:07:15 - [MESSAGE][PASSED] - Actual text 'Cadence Anna' and expected text 'Cadence Anna' are matched 

2021-03-13 12:07:15 - [MESSAGE][PASSED] - mainPage.Mainpage.verifySource is PASSED

2021-03-13 12:07:15 - [TEST_STEP][PASSED] - mainPage.Mainpage.verifySubject(subjectPatientName, subjectPatientDOB): mainPage.Mainpage.verifySubject is PASSED

2021-03-13 12:07:15 - [MESSAGE][PASSED] - Taking screenshot successfully
[[ATTACHMENT|/Users/apple/Documents/GitHub/SpinSci/passed.png]]

2021-03-13 12:07:16 - [MESSAGE][PASSED] - Object 'Object Repository/MainPage/Verification/getTableRowsBasedonPatientName' is present

2021-03-13 12:07:16 - [MESSAGE][PASSED] - Object 'Object Repository/MainPage/Verification/getTableRowsBasedonPatientName' is present

2021-03-13 12:07:16 - [MESSAGE][PASSED] - Object 'Object Repository/MainPage/Verification/getTableRowsBasedonPatientName' is visible

2021-03-13 12:07:16 - [MESSAGE][PASSED] - Scroll to object 'Object Repository/MainPage/Verification/getTableRowsBasedonPatientName' successfully

2021-03-13 12:07:17 - [MESSAGE][PASSED] - Object 'Object Repository/MainPage/Verification/getDOBOfPatient' is present

2021-03-13 12:07:17 - [MESSAGE][PASSED] - Object 'Object Repository/MainPage/Verification/getDOBOfPatient' is visible

2021-03-13 12:07:17 - [MESSAGE][PASSED] - Text of object 'Object Repository/MainPage/Verification/getDOBOfPatient' is: '09-09-1983'

2021-03-13 12:07:17 - [MESSAGE][PASSED] - Object 'Object Repository/MainPage/Verification/verifyCheckMarkOfPatient' is present

2021-03-13 12:07:18 - [MESSAGE][PASSED] - Object 'Object Repository/MainPage/Verification/verifyCheckMarkOfPatient' is visible

2021-03-13 12:07:18 - [MESSAGE][PASSED] - Object 'Object Repository/MainPage/Verification/verifyCheckMarkOfPatient' is clickable

2021-03-13 12:07:18 - [MESSAGE][PASSED] - Object: 'Object Repository/MainPage/Verification/verifyCheckMarkOfPatient' is clicked on

2021-03-13 12:07:21 - [MESSAGE][PASSED] - Taking screenshot successfully
[[ATTACHMENT|/Users/apple/Documents/GitHub/SpinSci/passed.png]]

2021-03-13 12:07:21 - [MESSAGE][PASSED] - Web element with id: 'Object Repository/MainPage/Verification/subjectTabName' located by 'By.xpath: (//div[@class="p-verification__top-item-note"])[3]' is not present after '10' second(s)

2021-03-13 12:07:21 - [MESSAGE][PASSED] - mainPage.Mainpage.verifySubject is PASSED

2021-03-13 12:07:21 - [TEST_STEP][PASSED] - cards.AppoinmentCard.clickOnGearIcon(): cards.AppoinmentCard.clickOnGearIcon is PASSED

2021-03-13 12:07:21 - [MESSAGE][PASSED] - Object 'Object Repository/MainPage/Cards/AppoinmentsCard/gearIcon' is present

2021-03-13 12:07:22 - [MESSAGE][PASSED] - Object 'Object Repository/MainPage/Cards/AppoinmentsCard/gearIcon' is visible

2021-03-13 12:07:22 - [MESSAGE][PASSED] - Object 'Object Repository/MainPage/Cards/AppoinmentsCard/gearIcon' is clickable

2021-03-13 12:07:22 - [MESSAGE][PASSED] - Object: 'Object Repository/MainPage/Cards/AppoinmentsCard/gearIcon' is clicked on

2021-03-13 12:07:23 - [MESSAGE][PASSED] - Taking screenshot successfully
[[ATTACHMENT|/Users/apple/Documents/GitHub/SpinSci/passed.png]]

2021-03-13 12:07:24 - [MESSAGE][PASSED] - Object 'Object Repository/MainPage/Cards/AppoinmentsCard/moreDetailsOption' is present

2021-03-13 12:07:24 - [MESSAGE][PASSED] - cards.AppoinmentCard.clickOnGearIcon is PASSED

2021-03-13 12:07:24 - [TEST_STEP][PASSED] - cards.AppoinmentCard.clickOnMoreDetails(): cards.AppoinmentCard.clickOnMoreDetails is PASSED

2021-03-13 12:07:24 - [MESSAGE][PASSED] - Object 'Object Repository/MainPage/Cards/AppoinmentsCard/moreDetailsOption' is present

2021-03-13 12:07:24 - [MESSAGE][PASSED] - Object 'Object Repository/MainPage/Cards/AppoinmentsCard/moreDetailsOption' is visible

2021-03-13 12:07:25 - [MESSAGE][PASSED] - Object 'Object Repository/MainPage/Cards/AppoinmentsCard/moreDetailsOption' is clickable

2021-03-13 12:07:25 - [MESSAGE][PASSED] - Object: 'Object Repository/MainPage/Cards/AppoinmentsCard/moreDetailsOption' is clicked on

2021-03-13 12:07:25 - [MESSAGE][PASSED] - cards.AppoinmentCard.clickOnMoreDetails is PASSED

2021-03-13 12:07:25 - [TEST_STEP][PASSED] - tabs.AppoinmentsTab.switchToNoShowsAppoinments(): tabs.AppoinmentsTab.switchToNoShowsAppoinments is PASSED

2021-03-13 12:07:26 - [MESSAGE][PASSED] - Object 'Object Repository/MainPage/Tabs/AppoinmentsTab/noShowsAppoinments' is present

2021-03-13 12:07:26 - [MESSAGE][PASSED] - Object 'Object Repository/MainPage/Tabs/AppoinmentsTab/noShowsAppoinments' is visible

2021-03-13 12:07:26 - [MESSAGE][PASSED] - Object 'Object Repository/MainPage/Tabs/AppoinmentsTab/noShowsAppoinments' is clickable

2021-03-13 12:07:27 - [MESSAGE][PASSED] - Object: 'Object Repository/MainPage/Tabs/AppoinmentsTab/noShowsAppoinments' is clicked on

2021-03-13 12:07:27 - [MESSAGE][PASSED] - tabs.AppoinmentsTab.switchToNoShowsAppoinments is PASSED

2021-03-13 12:07:27 - [TEST_STEP][FAILED] - tabs.AppoinmentsTab.verifyAppoinment("7/21/2020", "EMH PHX CTH DEPT", "Coordinator Phoenix, RN", "TRANSPLANT EVALUATION", "No Show", "4:30 PM"): appointment Time value does not matched

2021-03-13 12:07:27 - [MESSAGE][PASSED] - Object 'Object Repository/MainPage/Tabs/AppoinmentsTab/tableCell' is present

2021-03-13 12:07:27 - [MESSAGE][PASSED] - Object 'Object Repository/MainPage/Tabs/AppoinmentsTab/tableCell' is visible

2021-03-13 12:07:27 - [MESSAGE][PASSED] - Text of object 'Object Repository/MainPage/Tabs/AppoinmentsTab/tableCell' is: '7/21/2020'

2021-03-13 12:07:28 - [MESSAGE][PASSED] - Object 'Object Repository/MainPage/Tabs/AppoinmentsTab/tableCell' is present

2021-03-13 12:07:28 - [MESSAGE][PASSED] - Object 'Object Repository/MainPage/Tabs/AppoinmentsTab/tableCell' is visible

2021-03-13 12:07:28 - [MESSAGE][PASSED] - Text of object 'Object Repository/MainPage/Tabs/AppoinmentsTab/tableCell' is: 'EMH PHX CTH DEPT'

2021-03-13 12:07:28 - [MESSAGE][PASSED] - Object 'Object Repository/MainPage/Tabs/AppoinmentsTab/tableCell' is present

2021-03-13 12:07:28 - [MESSAGE][PASSED] - Object 'Object Repository/MainPage/Tabs/AppoinmentsTab/tableCell' is visible

2021-03-13 12:07:29 - [MESSAGE][PASSED] - Text of object 'Object Repository/MainPage/Tabs/AppoinmentsTab/tableCell' is: 'Coordinator Phoenix, RN'

2021-03-13 12:07:29 - [MESSAGE][PASSED] - Object 'Object Repository/MainPage/Tabs/AppoinmentsTab/tableCell' is present

2021-03-13 12:07:29 - [MESSAGE][PASSED] - Object 'Object Repository/MainPage/Tabs/AppoinmentsTab/tableCell' is visible

2021-03-13 12:07:29 - [MESSAGE][PASSED] - Text of object 'Object Repository/MainPage/Tabs/AppoinmentsTab/tableCell' is: 'TRANSPLANT EVALUATION'

2021-03-13 12:07:30 - [MESSAGE][PASSED] - Object 'Object Repository/MainPage/Tabs/AppoinmentsTab/tableCell' is present

2021-03-13 12:07:30 - [MESSAGE][PASSED] - Object 'Object Repository/MainPage/Tabs/AppoinmentsTab/tableCell' is visible

2021-03-13 12:07:30 - [MESSAGE][PASSED] - Text of object 'Object Repository/MainPage/Tabs/AppoinmentsTab/tableCell' is: 'No Show'

2021-03-13 12:07:30 - [MESSAGE][PASSED] - Object 'Object Repository/MainPage/Tabs/AppoinmentsTab/tableCell' is present

2021-03-13 12:07:31 - [MESSAGE][PASSED] - Object 'Object Repository/MainPage/Tabs/AppoinmentsTab/tableCell' is visible

2021-03-13 12:07:31 - [MESSAGE][PASSED] - Text of object 'Object Repository/MainPage/Tabs/AppoinmentsTab/tableCell' is: '3:30 PM'

2021-03-13 12:07:31 - [MESSAGE][PASSED] - Taking screenshot successfully
[[ATTACHMENT|/Users/apple/Documents/GitHub/SpinSci/passed.png]]

2021-03-13 12:07:31 - [MESSAGE][PASSED] - Actual text '7/21/2020' and expected text '7/21/2020' are matched 

2021-03-13 12:07:32 - [MESSAGE][PASSED] - Taking screenshot successfully
[[ATTACHMENT|/Users/apple/Documents/GitHub/SpinSci/passed.png]]

2021-03-13 12:07:32 - [MESSAGE][PASSED] - Actual text 'EMH PHX CTH DEPT' and expected text 'EMH PHX CTH DEPT' are matched 

2021-03-13 12:07:32 - [MESSAGE][PASSED] - Taking screenshot successfully
[[ATTACHMENT|/Users/apple/Documents/GitHub/SpinSci/passed.png]]

2021-03-13 12:07:32 - [MESSAGE][PASSED] - Actual text 'Coordinator Phoenix, RN' and expected text 'Coordinator Phoenix, RN' are matched 

2021-03-13 12:07:33 - [MESSAGE][PASSED] - Taking screenshot successfully
[[ATTACHMENT|/Users/apple/Documents/GitHub/SpinSci/passed.png]]

2021-03-13 12:07:33 - [MESSAGE][PASSED] - Actual text 'TRANSPLANT EVALUATION' and expected text 'TRANSPLANT EVALUATION' are matched 

2021-03-13 12:07:33 - [MESSAGE][PASSED] - Taking screenshot successfully
[[ATTACHMENT|/Users/apple/Documents/GitHub/SpinSci/passed.png]]

2021-03-13 12:07:33 - [MESSAGE][PASSED] - Actual text 'No Show' and expected text 'No Show' are matched 

2021-03-13 12:07:34 - [MESSAGE][PASSED] - Taking screenshot successfully
[[ATTACHMENT|/Users/apple/Documents/GitHub/SpinSci/passed.png]]

2021-03-13 12:07:34 - [MESSAGE][WARNING] - Unable to verify match between actual text '4:30 PM' and expected text '3:30 PM' (Root cause: com.kms.katalon.core.exception.StepFailedException: Actual text '4:30 PM' and expected text '3:30 PM' are not matched
	at com.kms.katalon.core.keyword.builtin.VerifyMatchKeyword$_verifyMatch_closure1.doCall(VerifyMatchKeyword.groovy:57)
	at com.kms.katalon.core.keyword.builtin.VerifyMatchKeyword$_verifyMatch_closure1.call(VerifyMatchKeyword.groovy)
	at com.kms.katalon.core.keyword.internal.KeywordMain.runKeyword(KeywordMain.groovy:68)
	at com.kms.katalon.core.keyword.builtin.VerifyMatchKeyword.verifyMatch(VerifyMatchKeyword.groovy:60)
	at com.kms.katalon.core.keyword.builtin.VerifyMatchKeyword.execute(VerifyMatchKeyword.groovy:45)
	at com.kms.katalon.core.keyword.internal.KeywordExecutor.executeKeywordForPlatform(KeywordExecutor.groovy:73)
	at com.kms.katalon.core.keyword.BuiltinKeywords.verifyMatch(BuiltinKeywords.groovy:55)
	at webAutomation.Verifications.verifyTextMatch(Verifications.groovy:54)
	at webAutomation.Verifications$verifyTextMatch$1.call(Unknown Source)
	at tabs.AppoinmentsTab.verifyAppoinment(AppoinmentsTab.groovy:38)
	at tabs.AppoinmentsTab.invokeMethod(AppoinmentsTab.groovy)
	at com.kms.katalon.core.main.CustomKeywordDelegatingMetaClass.invokeStaticMethod(CustomKeywordDelegatingMetaClass.java:50)
	at TC_ID_05 Display upcoming appointments card in the Patient Dashboard.run(TC_ID_05 Display upcoming appointments card in the Patient Dashboard:40)
	at com.kms.katalon.core.main.ScriptEngine.run(ScriptEngine.java:194)
	at com.kms.katalon.core.main.ScriptEngine.runScriptAsRawText(ScriptEngine.java:119)
	at com.kms.katalon.core.main.TestCaseExecutor.runScript(TestCaseExecutor.java:393)
	at com.kms.katalon.core.main.TestCaseExecutor.doExecute(TestCaseExecutor.java:384)
	at com.kms.katalon.core.main.TestCaseExecutor.processExecutionPhase(TestCaseExecutor.java:363)
	at com.kms.katalon.core.main.TestCaseExecutor.accessMainPhase(TestCaseExecutor.java:355)
	at com.kms.katalon.core.main.TestCaseExecutor.execute(TestCaseExecutor.java:251)
	at com.kms.katalon.core.main.TestSuiteExecutor.accessTestCaseMainPhase(TestSuiteExecutor.java:203)
	at com.kms.katalon.core.main.TestSuiteExecutor.accessTestSuiteMainPhase(TestSuiteExecutor.java:152)
	at com.kms.katalon.core.main.TestSuiteExecutor.execute(TestSuiteExecutor.java:95)
	at com.kms.katalon.core.main.TestCaseMain.startTestSuite(TestCaseMain.java:157)
	at com.kms.katalon.core.main.TestCaseMain$startTestSuite$0.call(Unknown Source)
	at TempTestSuite1615617229424.run(TempTestSuite1615617229424.groovy:39)
)

2021-03-13 12:07:34 - [MESSAGE][PASSED] - Taking screenshot successfully
[[ATTACHMENT|/Users/apple/Documents/GitHub/SpinSci/Reports/20210313_120349/Demo Test Suite/20210313_120349/1615617454430.png]]

2021-03-13 12:07:34 - [MESSAGE][FAILED] - appointment Time value does not matched

2021-03-13 12:07:34 - [TEST_STEP][PASSED] - Start listener action : closeBrowserBeforeTestSuire: Refresh successfully

2021-03-13 12:07:34 - [TEST_STEP][PASSED] - refresh(): Refresh successfully

2021-03-13 12:07:52 - [MESSAGE][PASSED] - Refresh successfully

2021-03-13 12:07:54 - [TEST_STEP][PASSED] - Video: Video recording for test case 'Test Cases/TC_ID_05 Display upcoming appointments card in the Patient Dashboard' .

2021-03-13 12:07:54 - [MESSAGE][INFO] - Video recording for test case 'Test Cases/TC_ID_05 Display upcoming appointments card in the Patient Dashboard' .]]></system-out>
         <system-err><![CDATA[2021-03-13 12:07:04 - [TEST_CASE][FAILED] - Test Cases/TC_ID_05 Display upcoming appointments card in the Patient Dashboard: Test Cases/TC_ID_05 Display upcoming appointments card in the Patient Dashboard FAILED.
Reason:
com.kms.katalon.core.exception.StepFailedException: appointment Time value does not matched
	at com.kms.katalon.core.util.KeywordUtil.markFailedAndStop(KeywordUtil.java:28)
	at com.kms.katalon.core.util.KeywordUtil$markFailedAndStop.call(Unknown Source)
	at webAutomation.Verifications.verifyTextMatch(Verifications.groovy:56)
	at webAutomation.Verifications$verifyTextMatch$1.call(Unknown Source)
	at tabs.AppoinmentsTab.verifyAppoinment(AppoinmentsTab.groovy:38)
	at tabs.AppoinmentsTab.invokeMethod(AppoinmentsTab.groovy)
	at com.kms.katalon.core.main.CustomKeywordDelegatingMetaClass.invokeStaticMethod(CustomKeywordDelegatingMetaClass.java:50)
	at TC_ID_05 Display upcoming appointments card in the Patient Dashboard.run(TC_ID_05 Display upcoming appointments card in the Patient Dashboard:40)
	at com.kms.katalon.core.main.ScriptEngine.run(ScriptEngine.java:194)
	at com.kms.katalon.core.main.ScriptEngine.runScriptAsRawText(ScriptEngine.java:119)
	at com.kms.katalon.core.main.TestCaseExecutor.runScript(TestCaseExecutor.java:393)
	at com.kms.katalon.core.main.TestCaseExecutor.doExecute(TestCaseExecutor.java:384)
	at com.kms.katalon.core.main.TestCaseExecutor.processExecutionPhase(TestCaseExecutor.java:363)
	at com.kms.katalon.core.main.TestCaseExecutor.accessMainPhase(TestCaseExecutor.java:355)
	at com.kms.katalon.core.main.TestCaseExecutor.execute(TestCaseExecutor.java:251)
	at com.kms.katalon.core.main.TestSuiteExecutor.accessTestCaseMainPhase(TestSuiteExecutor.java:203)
	at com.kms.katalon.core.main.TestSuiteExecutor.accessTestSuiteMainPhase(TestSuiteExecutor.java:152)
	at com.kms.katalon.core.main.TestSuiteExecutor.execute(TestSuiteExecutor.java:95)
	at com.kms.katalon.core.main.TestCaseMain.startTestSuite(TestCaseMain.java:157)
	at com.kms.katalon.core.main.TestCaseMain$startTestSuite$0.call(Unknown Source)
	at TempTestSuite1615617229424.run(TempTestSuite1615617229424.groovy:39)]]></system-err>
      </testcase>
      <system-out><![CDATA[2021-03-13 12:04:09 - [TEST_SUITE][INCOMPLETE] - Demo Test Suite: null]]></system-out>
      <system-err><![CDATA[2021-03-13 12:04:09 - [TEST_SUITE][INCOMPLETE] - Demo Test Suite: null]]></system-err>
   </testsuite>
</testsuites>
